{
  "stats": {
    "suites": 3,
    "tests": 4,
    "passes": 4,
    "pending": 0,
    "failures": 0,
    "start": "2022-08-01T21:34:22.637Z",
    "end": "2022-08-01T21:35:43.883Z",
    "duration": 81246,
    "testsRegistered": 4,
    "passPercent": 100,
    "pendingPercent": 0,
    "other": 0,
    "hasOther": false,
    "skipped": 0,
    "hasSkipped": false
  },
  "results": [
    {
      "uuid": "be54b011-05c7-48b8-afef-9bc5351410ca",
      "title": "",
      "fullFile": "",
      "file": "",
      "beforeHooks": [],
      "afterHooks": [],
      "tests": [],
      "suites": [
        {
          "uuid": "d427c9e7-30c2-433d-a3e1-9cbafee657d8",
          "title": "Login",
          "fullFile": "",
          "file": "",
          "beforeHooks": [
            {
              "title": "\"before all\" hook: codeceptjs.beforeSuite",
              "fullTitle": "Login \"before all\" hook: codeceptjs.beforeSuite",
              "timedOut": false,
              "duration": 1,
              "state": null,
              "speed": null,
              "pass": false,
              "fail": false,
              "pending": false,
              "context": null,
              "code": "scenario.suiteSetup(suite)",
              "err": {},
              "uuid": "88b7b7a1-a40c-4eb2-aebb-e007e37bb4a2",
              "parentUUID": "d427c9e7-30c2-433d-a3e1-9cbafee657d8",
              "isHook": true,
              "skipped": false
            },
            {
              "title": "\"before each\" hook: codeceptjs.before",
              "fullTitle": "Login \"before each\" hook: codeceptjs.before",
              "timedOut": false,
              "duration": 18076,
              "state": null,
              "speed": null,
              "pass": false,
              "fail": false,
              "pending": false,
              "context": null,
              "code": "scenario.setup(suite)",
              "err": {},
              "uuid": "7f2a5ca5-fb3d-403c-93fe-782eb6a4d45c",
              "parentUUID": "d427c9e7-30c2-433d-a3e1-9cbafee657d8",
              "isHook": true,
              "skipped": false
            }
          ],
          "afterHooks": [
            {
              "title": "\"after all\" hook: codeceptjs.afterSuite",
              "fullTitle": "Login \"after all\" hook: codeceptjs.afterSuite",
              "timedOut": false,
              "duration": 0,
              "state": null,
              "speed": null,
              "pass": false,
              "fail": false,
              "pending": false,
              "context": null,
              "code": "scenario.suiteTeardown(suite)",
              "err": {},
              "uuid": "36d4affd-2f74-43fd-bbd1-de7fcac25c16",
              "parentUUID": "d427c9e7-30c2-433d-a3e1-9cbafee657d8",
              "isHook": true,
              "skipped": false
            },
            {
              "title": "\"after each\" hook: codeceptjs.after",
              "fullTitle": "Login \"after each\" hook: codeceptjs.after",
              "timedOut": false,
              "duration": 785,
              "state": null,
              "speed": null,
              "pass": false,
              "fail": false,
              "pending": false,
              "context": null,
              "code": "scenario.teardown(suite)",
              "err": {},
              "uuid": "c0797d38-f5c6-4509-a5cb-9c5ab791e46e",
              "parentUUID": "d427c9e7-30c2-433d-a3e1-9cbafee657d8",
              "isHook": true,
              "skipped": false
            }
          ],
          "tests": [
            {
              "title": "login com sucesso",
              "fullTitle": "Login login com sucesso",
              "timedOut": false,
              "duration": 6373,
              "state": "passed",
              "speed": "slow",
              "pass": true,
              "fail": false,
              "pending": false,
              "context": null,
              "code": "runSteps(child.steps)",
              "err": {},
              "uuid": "aab5543c-ffcb-4f87-bb83-65817ddb69a0",
              "parentUUID": "d427c9e7-30c2-433d-a3e1-9cbafee657d8",
              "isHook": false,
              "skipped": false
            }
          ],
          "suites": [],
          "passes": [
            "aab5543c-ffcb-4f87-bb83-65817ddb69a0"
          ],
          "failures": [],
          "pending": [],
          "skipped": [],
          "duration": 6373,
          "root": false,
          "rootEmpty": false,
          "_timeout": 0
        },
        {
          "uuid": "c8f08df2-6088-4ac8-aeb8-2580ecc8cb3b",
          "title": "login",
          "fullFile": "C:\\Users\\duda.castro\\Desktop\\Udemy\\curso\\steps\\login_test.js",
          "file": "\\steps\\login_test.js",
          "beforeHooks": [
            {
              "title": "\"before all\" hook: codeceptjs.beforeSuite",
              "fullTitle": "login \"before all\" hook: codeceptjs.beforeSuite",
              "timedOut": false,
              "duration": 1,
              "state": null,
              "speed": null,
              "pass": false,
              "fail": false,
              "pending": false,
              "context": null,
              "code": "scenario.suiteSetup(suite)",
              "err": {},
              "uuid": "9bdcc882-3aa4-45b5-bed4-8ae232862d9f",
              "parentUUID": "c8f08df2-6088-4ac8-aeb8-2580ecc8cb3b",
              "isHook": true,
              "skipped": false
            },
            {
              "title": "\"before all\" hook: BeforeSuite",
              "fullTitle": "login \"before all\" hook: BeforeSuite",
              "timedOut": false,
              "duration": 1,
              "state": null,
              "speed": null,
              "pass": false,
              "fail": false,
              "pending": false,
              "context": null,
              "code": "console.log(\"BeforeSuite\")",
              "err": {},
              "uuid": "028bbde0-b804-4ef3-b759-9058caacb6f6",
              "parentUUID": "c8f08df2-6088-4ac8-aeb8-2580ecc8cb3b",
              "isHook": true,
              "skipped": false
            },
            {
              "title": "\"before each\" hook: codeceptjs.before",
              "fullTitle": "login \"before each\" hook: codeceptjs.before",
              "timedOut": false,
              "duration": 10815,
              "state": null,
              "speed": null,
              "pass": false,
              "fail": false,
              "pending": false,
              "context": null,
              "code": "scenario.setup(suite)",
              "err": {},
              "uuid": "795c83d1-d3c1-484c-b76f-e986fccf89b2",
              "parentUUID": "c8f08df2-6088-4ac8-aeb8-2580ecc8cb3b",
              "isHook": true,
              "skipped": false
            },
            {
              "title": "\"before each\" hook: Before",
              "fullTitle": "login \"before each\" hook: Before",
              "timedOut": false,
              "duration": 0,
              "state": null,
              "speed": null,
              "pass": false,
              "fail": false,
              "pending": false,
              "context": null,
              "code": "console.log(\"Before\")",
              "err": {},
              "uuid": "3fd8145c-c294-4b63-923b-450ceacc2d8b",
              "parentUUID": "c8f08df2-6088-4ac8-aeb8-2580ecc8cb3b",
              "isHook": true,
              "skipped": false
            }
          ],
          "afterHooks": [
            {
              "title": "\"after all\" hook: AfterSuite",
              "fullTitle": "login \"after all\" hook: AfterSuite",
              "timedOut": false,
              "duration": 0,
              "state": null,
              "speed": null,
              "pass": false,
              "fail": false,
              "pending": false,
              "context": null,
              "code": "console.log(\"AfterSuite\")",
              "err": {},
              "uuid": "5ab3f578-2649-439c-aa91-0de6dcb91847",
              "parentUUID": "c8f08df2-6088-4ac8-aeb8-2580ecc8cb3b",
              "isHook": true,
              "skipped": false
            },
            {
              "title": "\"after all\" hook: codeceptjs.afterSuite",
              "fullTitle": "login \"after all\" hook: codeceptjs.afterSuite",
              "timedOut": false,
              "duration": 0,
              "state": null,
              "speed": null,
              "pass": false,
              "fail": false,
              "pending": false,
              "context": null,
              "code": "scenario.suiteTeardown(suite)",
              "err": {},
              "uuid": "02cc460e-cbad-4b52-94bd-df70558fb20d",
              "parentUUID": "c8f08df2-6088-4ac8-aeb8-2580ecc8cb3b",
              "isHook": true,
              "skipped": false
            },
            {
              "title": "\"after each\" hook: After",
              "fullTitle": "login \"after each\" hook: After",
              "timedOut": false,
              "duration": 0,
              "state": null,
              "speed": null,
              "pass": false,
              "fail": false,
              "pending": false,
              "context": null,
              "code": "console.log(\"After\")",
              "err": {},
              "uuid": "a1afb5a5-7c5d-447d-b899-5e3e03299b58",
              "parentUUID": "c8f08df2-6088-4ac8-aeb8-2580ecc8cb3b",
              "isHook": true,
              "skipped": false
            },
            {
              "title": "\"after each\" hook: finalize codeceptjs",
              "fullTitle": "login \"after each\" hook: finalize codeceptjs",
              "timedOut": false,
              "duration": 662,
              "state": null,
              "speed": null,
              "pass": false,
              "fail": false,
              "pending": false,
              "context": null,
              "code": "scenario.teardown(suite)",
              "err": {},
              "uuid": "6c56fd53-dc32-4a8b-a339-5140f44ac8dd",
              "parentUUID": "c8f08df2-6088-4ac8-aeb8-2580ecc8cb3b",
              "isHook": true,
              "skipped": false
            }
          ],
          "tests": [
            {
              "title": "Login with success",
              "fullTitle": "login: Login with success",
              "timedOut": false,
              "duration": 5674,
              "state": "passed",
              "speed": "slow",
              "pass": true,
              "fail": false,
              "pending": false,
              "context": null,
              "code": "login_page.doLogin('teste@teste.com','123456')\n    home_page.checkLoginSuccess()",
              "err": {},
              "uuid": "4de5cb45-c27e-4eb7-9cae-26477a69d2a0",
              "parentUUID": "c8f08df2-6088-4ac8-aeb8-2580ecc8cb3b",
              "isHook": false,
              "skipped": false
            },
            {
              "title": "Login with error",
              "fullTitle": "login: Login with error",
              "timedOut": false,
              "duration": 5132,
              "state": "passed",
              "speed": "slow",
              "pass": true,
              "fail": false,
              "pending": false,
              "context": null,
              "code": "login_page.doLogin('xteste@teste.com','123456')\n    login_page.checkLoginError()",
              "err": {},
              "uuid": "cdac3245-5590-47de-ad68-64c4454cc50c",
              "parentUUID": "c8f08df2-6088-4ac8-aeb8-2580ecc8cb3b",
              "isHook": false,
              "skipped": false
            }
          ],
          "suites": [],
          "passes": [
            "4de5cb45-c27e-4eb7-9cae-26477a69d2a0",
            "cdac3245-5590-47de-ad68-64c4454cc50c"
          ],
          "failures": [],
          "pending": [],
          "skipped": [],
          "duration": 10806,
          "root": false,
          "rootEmpty": false,
          "_timeout": 0
        },
        {
          "uuid": "7600bd43-6288-4c67-88d4-24656f3343fb",
          "title": "Students",
          "fullFile": "C:\\Users\\duda.castro\\Desktop\\Udemy\\curso\\steps\\students_test.js",
          "file": "\\steps\\students_test.js",
          "beforeHooks": [
            {
              "title": "\"before all\" hook: codeceptjs.beforeSuite",
              "fullTitle": "Students \"before all\" hook: codeceptjs.beforeSuite",
              "timedOut": false,
              "duration": 1,
              "state": null,
              "speed": null,
              "pass": false,
              "fail": false,
              "pending": false,
              "context": null,
              "code": "scenario.suiteSetup(suite)",
              "err": {},
              "uuid": "0da6f853-1603-4af1-9b48-2eabbb90b881",
              "parentUUID": "7600bd43-6288-4c67-88d4-24656f3343fb",
              "isHook": true,
              "skipped": false
            },
            {
              "title": "\"before each\" hook: codeceptjs.before",
              "fullTitle": "Students \"before each\" hook: codeceptjs.before",
              "timedOut": false,
              "duration": 11193,
              "state": null,
              "speed": null,
              "pass": false,
              "fail": false,
              "pending": false,
              "context": null,
              "code": "scenario.setup(suite)",
              "err": {},
              "uuid": "f68cf576-38ca-4e48-b4bb-adc974bc3a00",
              "parentUUID": "7600bd43-6288-4c67-88d4-24656f3343fb",
              "isHook": true,
              "skipped": false
            }
          ],
          "afterHooks": [
            {
              "title": "\"after all\" hook: codeceptjs.afterSuite",
              "fullTitle": "Students \"after all\" hook: codeceptjs.afterSuite",
              "timedOut": false,
              "duration": 1,
              "state": null,
              "speed": null,
              "pass": false,
              "fail": false,
              "pending": false,
              "context": null,
              "code": "scenario.suiteTeardown(suite)",
              "err": {},
              "uuid": "0ef848c6-9b66-4e63-8c5d-ddc5fe0f9204",
              "parentUUID": "7600bd43-6288-4c67-88d4-24656f3343fb",
              "isHook": true,
              "skipped": false
            },
            {
              "title": "\"after each\" hook: finalize codeceptjs",
              "fullTitle": "Students \"after each\" hook: finalize codeceptjs",
              "timedOut": false,
              "duration": 804,
              "state": null,
              "speed": null,
              "pass": false,
              "fail": false,
              "pending": false,
              "context": null,
              "code": "scenario.teardown(suite)",
              "err": {},
              "uuid": "f3a16ee8-56a5-48b5-b8e7-3e3ecb16289e",
              "parentUUID": "7600bd43-6288-4c67-88d4-24656f3343fb",
              "isHook": true,
              "skipped": false
            }
          ],
          "tests": [
            {
              "title": "Add students with success",
              "fullTitle": "Students: Add students with success",
              "timedOut": false,
              "duration": 8842,
              "state": "passed",
              "speed": "slow",
              "pass": true,
              "fail": false,
              "pending": false,
              "context": null,
              "code": "login_page.doLogin('teste@teste.com','123456')\n    home_page.registerStudent('9090', 'fernando silveira')\n    home_page.searchStudent('fernando silveira', '9090')",
              "err": {},
              "uuid": "1a20b7a9-83ff-464d-94da-60fb106aeb99",
              "parentUUID": "7600bd43-6288-4c67-88d4-24656f3343fb",
              "isHook": false,
              "skipped": false
            }
          ],
          "suites": [],
          "passes": [
            "1a20b7a9-83ff-464d-94da-60fb106aeb99"
          ],
          "failures": [],
          "pending": [],
          "skipped": [],
          "duration": 8842,
          "root": false,
          "rootEmpty": false,
          "_timeout": 0
        }
      ],
      "passes": [],
      "failures": [],
      "pending": [],
      "skipped": [],
      "duration": 0,
      "root": true,
      "rootEmpty": true,
      "_timeout": 0
    }
  ],
  "meta": {
    "mocha": {
      "version": "10.0.0"
    },
    "mochawesome": {
      "options": {
        "quiet": false,
        "reportFilename": "mochawesome",
        "saveHtml": true,
        "saveJson": true,
        "consoleReporter": "spec",
        "useInlineDiffs": false,
        "code": true
      },
      "version": "7.1.3"
    },
    "marge": {
      "options": {},
      "version": "6.2.0"
    }
  }
}